Using pre-set license
Built from '2020.3/release' branch; Version is '2020.3.2f1 (8fd9074bf66c) revision 9427207'; Using compiler version '192528614'; Build Type 'Release'
OS: 'Windows 10 Pro; OS build 19042.867; Version 2009; 64bit' Language: 'de' Physical Memory: 16344 MB
BatchMode: 1, IsHumanControllingUs: 0, StartBugReporterOnCrash: 0, Is64bit: 1, IsPro: 0

 COMMAND LINE ARGUMENTS:
C:\Program Files\Unity\Hub\Editor\2020.3.2f1\Editor\Unity.exe
-adb2
-batchMode
-noUpm
-name
AssetImportWorker0
-projectPath
C:/Users/vumin/GTATA1-Warmup/GTATA1-Warmup
-logFile
Logs/AssetImportWorker0.log
-srvPort
57575
Successfully changed project path to: C:/Users/vumin/GTATA1-Warmup/GTATA1-Warmup
C:/Users/vumin/GTATA1-Warmup/GTATA1-Warmup
Using Asset Import Pipeline V2.
Refreshing native plugins compatible for Editor in 31.94 ms, found 1 plugins.
Preloading 0 native plugins for Editor in 0.00 ms.
Initialize engine version: 2020.3.2f1 (8fd9074bf66c)
[Subsystems] Discovering subsystems at path C:/Program Files/Unity/Hub/Editor/2020.3.2f1/Editor/Data/Resources/UnitySubsystems
[Subsystems] Discovering subsystems at path C:/Users/vumin/GTATA1-Warmup/GTATA1-Warmup/Assets
GfxDevice: creating device client; threaded=0
Direct3D:
    Version:  Direct3D 11.0 [level 11.1]
    Renderer: Radeon (TM) RX 480 Graphics (ID=0x67df)
    Vendor:   
    VRAM:     8171 MB
    Driver:   27.20.14527.2002
Initialize mono
Mono path[0] = 'C:/Program Files/Unity/Hub/Editor/2020.3.2f1/Editor/Data/Managed'
Mono path[1] = 'C:/Program Files/Unity/Hub/Editor/2020.3.2f1/Editor/Data/MonoBleedingEdge/lib/mono/unityjit'
Mono config path = 'C:/Program Files/Unity/Hub/Editor/2020.3.2f1/Editor/Data/MonoBleedingEdge/etc'
Using monoOptions --debugger-agent=transport=dt_socket,embedding=1,server=y,suspend=n,address=127.0.0.1:56324
Begin MonoManager ReloadAssembly
Registering precompiled unity dll's ...
Register platform support module: C:/Program Files/Unity/Hub/Editor/2020.3.2f1/Editor/Data/PlaybackEngines/WebGLSupport/UnityEditor.WebGL.Extensions.dll
Register platform support module: C:/Program Files/Unity/Hub/Editor/2020.3.2f1/Editor/Data/PlaybackEngines/WindowsStandaloneSupport/UnityEditor.WindowsStandalone.Extensions.dll
Registered in 0.005279 seconds.
Native extension for WindowsStandalone target not found
Native extension for WebGL target not found
Refreshing native plugins compatible for Editor in 35.92 ms, found 1 plugins.
Preloading 0 native plugins for Editor in 0.00 ms.
Invoked RoslynAnalysisRunner static constructor.
RoslynAnalysisRunner will not be running.
RoslynAnalysisRunner has terminated.
Mono: successfully reloaded assembly
- Completed reload, in  2.377 seconds
Platform modules already initialized, skipping
Registering precompiled user dll's ...
Registered in 0.002040 seconds.
Begin MonoManager ReloadAssembly
Native extension for WindowsStandalone target not found
Native extension for WebGL target not found
Refreshing native plugins compatible for Editor in 31.06 ms, found 1 plugins.
Preloading 0 native plugins for Editor in 0.00 ms.
Invoked RoslynAnalysisRunner static constructor.
RoslynAnalysisRunner will not be running.
RoslynAnalysisRunner has terminated.
Mono: successfully reloaded assembly
- Completed reload, in  0.838 seconds
Platform modules already initialized, skipping
========================================================================
Worker process is ready to serve import requests
Launched and connected shader compiler UnityShaderCompiler.exe after 0.07 seconds
Refreshing native plugins compatible for Editor in 0.38 ms, found 1 plugins.
Preloading 0 native plugins for Editor in 0.00 ms.
Unloading 1839 Unused Serialized files (Serialized files now loaded: 0)
System memory in use before: 86.0 MB.
System memory in use after: 86.0 MB.

Unloading 19 unused Assets to reduce memory usage. Loaded Objects now: 2288.
Total: 2.284200 ms (FindLiveObjects: 0.280700 ms CreateObjectMapping: 0.098900 ms MarkObjects: 1.818100 ms  DeleteObjects: 0.084000 ms)

========================================================================
Received Import Request.
  path: Assets/02 Space Shooter/Prefabs/laserGreen10.png.prefab
  artifactKey: Guid(90cf3b4d06e7d8f458d03e19e0dac9d7) Importer(815301076,1909f56bfc062723c751e8b465ee728b)
Start importing Assets/02 Space Shooter/Prefabs/laserGreen10.png.prefab using Guid(90cf3b4d06e7d8f458d03e19e0dac9d7) Importer(815301076,1909f56bfc062723c751e8b465ee728b)  -> (artifact id: 'e3b870a9f47a7aa78a25a66fcdfb288e') in 0.137458 seconds
  Import took 0.140987 seconds .

========================================================================
Received Prepare
Registering precompiled user dll's ...
Registered in 0.001252 seconds.
Begin MonoManager ReloadAssembly
Native extension for WindowsStandalone target not found
Native extension for WebGL target not found
Refreshing native plugins compatible for Editor in 0.45 ms, found 1 plugins.
Preloading 0 native plugins for Editor in 0.00 ms.
Invoked RoslynAnalysisRunner static constructor.
RoslynAnalysisRunner will not be running.
RoslynAnalysisRunner has terminated.
Mono: successfully reloaded assembly
- Completed reload, in  0.835 seconds
Platform modules already initialized, skipping
Refreshing native plugins compatible for Editor in 0.29 ms, found 1 plugins.
Preloading 0 native plugins for Editor in 0.00 ms.
Unloading 1827 Unused Serialized files (Serialized files now loaded: 0)
System memory in use before: 88.3 MB.
System memory in use after: 88.4 MB.

Unloading 7 unused Assets to reduce memory usage. Loaded Objects now: 2299.
Total: 3.065900 ms (FindLiveObjects: 0.169300 ms CreateObjectMapping: 0.066000 ms MarkObjects: 2.811800 ms  DeleteObjects: 0.017300 ms)

========================================================================
Received Prepare
Registering precompiled user dll's ...
Registered in 0.001036 seconds.
Begin MonoManager ReloadAssembly
Native extension for WindowsStandalone target not found
Native extension for WebGL target not found
Refreshing native plugins compatible for Editor in 0.35 ms, found 1 plugins.
Preloading 0 native plugins for Editor in 0.00 ms.
Invoked RoslynAnalysisRunner static constructor.
RoslynAnalysisRunner will not be running.
RoslynAnalysisRunner has terminated.
Mono: successfully reloaded assembly
- Completed reload, in  0.850 seconds
Platform modules already initialized, skipping
Refreshing native plugins compatible for Editor in 0.48 ms, found 1 plugins.
Preloading 0 native plugins for Editor in 0.00 ms.
Unloading 1827 Unused Serialized files (Serialized files now loaded: 0)
System memory in use before: 88.4 MB.
System memory in use after: 88.5 MB.

Unloading 7 unused Assets to reduce memory usage. Loaded Objects now: 2303.
Total: 1.815300 ms (FindLiveObjects: 0.247600 ms CreateObjectMapping: 0.086900 ms MarkObjects: 1.463100 ms  DeleteObjects: 0.015800 ms)

========================================================================
Received Prepare
Registering precompiled user dll's ...
Registered in 0.001292 seconds.
Begin MonoManager ReloadAssembly
Native extension for WindowsStandalone target not found
Native extension for WebGL target not found
Refreshing native plugins compatible for Editor in 0.40 ms, found 1 plugins.
Preloading 0 native plugins for Editor in 0.00 ms.
Invoked RoslynAnalysisRunner static constructor.
RoslynAnalysisRunner will not be running.
RoslynAnalysisRunner has terminated.
Mono: successfully reloaded assembly
- Completed reload, in  0.779 seconds
Platform modules already initialized, skipping
Refreshing native plugins compatible for Editor in 0.29 ms, found 1 plugins.
Preloading 0 native plugins for Editor in 0.00 ms.
Unloading 1827 Unused Serialized files (Serialized files now loaded: 0)
System memory in use before: 88.4 MB.
System memory in use after: 88.5 MB.

Unloading 7 unused Assets to reduce memory usage. Loaded Objects now: 2307.
Total: 1.688300 ms (FindLiveObjects: 0.157700 ms CreateObjectMapping: 0.096600 ms MarkObjects: 1.416900 ms  DeleteObjects: 0.015600 ms)

========================================================================
Received Prepare
Registering precompiled user dll's ...
Registered in 0.001331 seconds.
Begin MonoManager ReloadAssembly
Native extension for WindowsStandalone target not found
Native extension for WebGL target not found
Refreshing native plugins compatible for Editor in 0.32 ms, found 1 plugins.
Preloading 0 native plugins for Editor in 0.00 ms.
Invoked RoslynAnalysisRunner static constructor.
RoslynAnalysisRunner will not be running.
RoslynAnalysisRunner has terminated.
Mono: successfully reloaded assembly
- Completed reload, in  0.808 seconds
Platform modules already initialized, skipping
Refreshing native plugins compatible for Editor in 0.28 ms, found 1 plugins.
Preloading 0 native plugins for Editor in 0.00 ms.
Unloading 1827 Unused Serialized files (Serialized files now loaded: 0)
System memory in use before: 88.4 MB.
System memory in use after: 88.5 MB.

Unloading 7 unused Assets to reduce memory usage. Loaded Objects now: 2311.
Total: 1.619400 ms (FindLiveObjects: 0.173100 ms CreateObjectMapping: 0.118600 ms MarkObjects: 1.311600 ms  DeleteObjects: 0.014800 ms)

========================================================================
Received Prepare
Registering precompiled user dll's ...
Registered in 0.001136 seconds.
Begin MonoManager ReloadAssembly
Native extension for WindowsStandalone target not found
Native extension for WebGL target not found
Refreshing native plugins compatible for Editor in 0.46 ms, found 1 plugins.
Preloading 0 native plugins for Editor in 0.00 ms.
Invoked RoslynAnalysisRunner static constructor.
RoslynAnalysisRunner will not be running.
RoslynAnalysisRunner has terminated.
Mono: successfully reloaded assembly
- Completed reload, in  0.722 seconds
Platform modules already initialized, skipping
Refreshing native plugins compatible for Editor in 0.29 ms, found 1 plugins.
Preloading 0 native plugins for Editor in 0.00 ms.
Unloading 1827 Unused Serialized files (Serialized files now loaded: 0)
System memory in use before: 88.4 MB.
System memory in use after: 88.5 MB.

Unloading 7 unused Assets to reduce memory usage. Loaded Objects now: 2315.
Total: 1.632000 ms (FindLiveObjects: 0.154200 ms CreateObjectMapping: 0.059000 ms MarkObjects: 1.403000 ms  DeleteObjects: 0.014700 ms)

========================================================================
Received Import Request.
  Time since last request: 179.516047 seconds.
  path: Assets/02 Space Shooter/Prefabs/laserGreen10.png.prefab
  artifactKey: Guid(90cf3b4d06e7d8f458d03e19e0dac9d7) Importer(815301076,1909f56bfc062723c751e8b465ee728b)
Start importing Assets/02 Space Shooter/Prefabs/laserGreen10.png.prefab using Guid(90cf3b4d06e7d8f458d03e19e0dac9d7) Importer(815301076,1909f56bfc062723c751e8b465ee728b)  -> (artifact id: '9a418d99c5465142cba42abb98f219fb') in 0.069908 seconds
  Import took 0.073293 seconds .

========================================================================
Received Prepare
Registering precompiled user dll's ...
Registered in 0.001068 seconds.
Begin MonoManager ReloadAssembly
Native extension for WindowsStandalone target not found
Native extension for WebGL target not found
Refreshing native plugins compatible for Editor in 0.29 ms, found 1 plugins.
Preloading 0 native plugins for Editor in 0.00 ms.
Invoked RoslynAnalysisRunner static constructor.
RoslynAnalysisRunner will not be running.
RoslynAnalysisRunner has terminated.
Mono: successfully reloaded assembly
- Completed reload, in  0.747 seconds
Platform modules already initialized, skipping
Refreshing native plugins compatible for Editor in 0.29 ms, found 1 plugins.
Preloading 0 native plugins for Editor in 0.00 ms.
Unloading 1827 Unused Serialized files (Serialized files now loaded: 0)
System memory in use before: 88.4 MB.
System memory in use after: 88.5 MB.

Unloading 7 unused Assets to reduce memory usage. Loaded Objects now: 2320.
Total: 1.511500 ms (FindLiveObjects: 0.152200 ms CreateObjectMapping: 0.057700 ms MarkObjects: 1.282600 ms  DeleteObjects: 0.018000 ms)

========================================================================
Received Import Request.
  Time since last request: 54.800568 seconds.
  path: Assets/02 Space Shooter/Prefabs/laserGreen10.png.prefab
  artifactKey: Guid(90cf3b4d06e7d8f458d03e19e0dac9d7) Importer(815301076,1909f56bfc062723c751e8b465ee728b)
Start importing Assets/02 Space Shooter/Prefabs/laserGreen10.png.prefab using Guid(90cf3b4d06e7d8f458d03e19e0dac9d7) Importer(815301076,1909f56bfc062723c751e8b465ee728b)  -> (artifact id: '91a4e84ff4e7a566712fd019ffc3ac6a') in 0.044197 seconds
  Import took 0.047261 seconds .

========================================================================
Received Prepare
Registering precompiled user dll's ...
Registered in 0.001165 seconds.
Begin MonoManager ReloadAssembly
Native extension for WindowsStandalone target not found
Native extension for WebGL target not found
Refreshing native plugins compatible for Editor in 0.34 ms, found 1 plugins.
Preloading 0 native plugins for Editor in 0.00 ms.
Invoked RoslynAnalysisRunner static constructor.
RoslynAnalysisRunner will not be running.
RoslynAnalysisRunner has terminated.
Mono: successfully reloaded assembly
- Completed reload, in  0.767 seconds
Platform modules already initialized, skipping
Refreshing native plugins compatible for Editor in 0.29 ms, found 1 plugins.
Preloading 0 native plugins for Editor in 0.00 ms.
Unloading 1827 Unused Serialized files (Serialized files now loaded: 0)
System memory in use before: 88.4 MB.
System memory in use after: 88.5 MB.

Unloading 7 unused Assets to reduce memory usage. Loaded Objects now: 2325.
Total: 1.571200 ms (FindLiveObjects: 0.156300 ms CreateObjectMapping: 0.056900 ms MarkObjects: 1.341300 ms  DeleteObjects: 0.015800 ms)

========================================================================
Received Prepare
Registering precompiled user dll's ...
Registered in 0.001286 seconds.
Begin MonoManager ReloadAssembly
Native extension for WindowsStandalone target not found
Native extension for WebGL target not found
Refreshing native plugins compatible for Editor in 0.50 ms, found 1 plugins.
Preloading 0 native plugins for Editor in 0.00 ms.
Invoked RoslynAnalysisRunner static constructor.
RoslynAnalysisRunner will not be running.
RoslynAnalysisRunner has terminated.
Mono: successfully reloaded assembly
- Completed reload, in  0.747 seconds
Platform modules already initialized, skipping
Refreshing native plugins compatible for Editor in 0.29 ms, found 1 plugins.
Preloading 0 native plugins for Editor in 0.00 ms.
Unloading 1827 Unused Serialized files (Serialized files now loaded: 0)
System memory in use before: 88.4 MB.
System memory in use after: 88.6 MB.

Unloading 7 unused Assets to reduce memory usage. Loaded Objects now: 2329.
Total: 1.804000 ms (FindLiveObjects: 0.160000 ms CreateObjectMapping: 0.058500 ms MarkObjects: 1.563300 ms  DeleteObjects: 0.020700 ms)

========================================================================
Received Prepare
Registering precompiled user dll's ...
Registered in 0.001770 seconds.
Begin MonoManager ReloadAssembly
Native extension for WindowsStandalone target not found
Native extension for WebGL target not found
Refreshing native plugins compatible for Editor in 0.41 ms, found 1 plugins.
Preloading 0 native plugins for Editor in 0.00 ms.
Invoked RoslynAnalysisRunner static constructor.
RoslynAnalysisRunner will not be running.
RoslynAnalysisRunner has terminated.
Mono: successfully reloaded assembly
- Completed reload, in  0.948 seconds
Platform modules already initialized, skipping
Refreshing native plugins compatible for Editor in 0.33 ms, found 1 plugins.
Preloading 0 native plugins for Editor in 0.00 ms.
Unloading 1827 Unused Serialized files (Serialized files now loaded: 0)
System memory in use before: 88.5 MB.
System memory in use after: 88.6 MB.

Unloading 7 unused Assets to reduce memory usage. Loaded Objects now: 2333.
Total: 1.950300 ms (FindLiveObjects: 0.227500 ms CreateObjectMapping: 0.084300 ms MarkObjects: 1.604300 ms  DeleteObjects: 0.033200 ms)

========================================================================
Received Prepare
Registering precompiled user dll's ...
Registered in 0.001088 seconds.
Begin MonoManager ReloadAssembly
Native extension for WindowsStandalone target not found
Native extension for WebGL target not found
Refreshing native plugins compatible for Editor in 0.36 ms, found 1 plugins.
Preloading 0 native plugins for Editor in 0.00 ms.
Invoked RoslynAnalysisRunner static constructor.
RoslynAnalysisRunner will not be running.
RoslynAnalysisRunner has terminated.
Mono: successfully reloaded assembly
- Completed reload, in  0.759 seconds
Platform modules already initialized, skipping
Refreshing native plugins compatible for Editor in 0.29 ms, found 1 plugins.
Preloading 0 native plugins for Editor in 0.00 ms.
Unloading 1827 Unused Serialized files (Serialized files now loaded: 0)
System memory in use before: 88.5 MB.
System memory in use after: 88.6 MB.

Unloading 7 unused Assets to reduce memory usage. Loaded Objects now: 2337.
Total: 2.138600 ms (FindLiveObjects: 0.607700 ms CreateObjectMapping: 0.088000 ms MarkObjects: 1.424200 ms  DeleteObjects: 0.017600 ms)

========================================================================
Received Prepare
Registering precompiled user dll's ...
Registered in 0.001025 seconds.
Begin MonoManager ReloadAssembly
Native extension for WindowsStandalone target not found
Native extension for WebGL target not found
Refreshing native plugins compatible for Editor in 0.29 ms, found 1 plugins.
Preloading 0 native plugins for Editor in 0.00 ms.
Invoked RoslynAnalysisRunner static constructor.
RoslynAnalysisRunner will not be running.
RoslynAnalysisRunner has terminated.
Mono: successfully reloaded assembly
- Completed reload, in  0.768 seconds
Platform modules already initialized, skipping
Refreshing native plugins compatible for Editor in 0.39 ms, found 1 plugins.
Preloading 0 native plugins for Editor in 0.00 ms.
Unloading 1827 Unused Serialized files (Serialized files now loaded: 0)
System memory in use before: 88.5 MB.
System memory in use after: 88.6 MB.

Unloading 7 unused Assets to reduce memory usage. Loaded Objects now: 2341.
Total: 1.653600 ms (FindLiveObjects: 0.194600 ms CreateObjectMapping: 0.087400 ms MarkObjects: 1.354700 ms  DeleteObjects: 0.015800 ms)

========================================================================
Received Prepare
Registering precompiled user dll's ...
Registered in 0.004312 seconds.
Begin MonoManager ReloadAssembly
Native extension for WindowsStandalone target not found
Native extension for WebGL target not found
Refreshing native plugins compatible for Editor in 0.39 ms, found 1 plugins.
Preloading 0 native plugins for Editor in 0.00 ms.
Invoked RoslynAnalysisRunner static constructor.
RoslynAnalysisRunner will not be running.
RoslynAnalysisRunner has terminated.
Mono: successfully reloaded assembly
- Completed reload, in  0.851 seconds
Platform modules already initialized, skipping
Refreshing native plugins compatible for Editor in 0.29 ms, found 1 plugins.
Preloading 0 native plugins for Editor in 0.00 ms.
Unloading 1827 Unused Serialized files (Serialized files now loaded: 0)
System memory in use before: 88.5 MB.
System memory in use after: 88.6 MB.

Unloading 7 unused Assets to reduce memory usage. Loaded Objects now: 2345.
Total: 2.061000 ms (FindLiveObjects: 0.184600 ms CreateObjectMapping: 0.063300 ms MarkObjects: 1.783700 ms  DeleteObjects: 0.028000 ms)

========================================================================
Received Prepare
Registering precompiled user dll's ...
Registered in 0.001081 seconds.
Begin MonoManager ReloadAssembly
Native extension for WindowsStandalone target not found
Native extension for WebGL target not found
Refreshing native plugins compatible for Editor in 0.29 ms, found 1 plugins.
Preloading 0 native plugins for Editor in 0.00 ms.
Invoked RoslynAnalysisRunner static constructor.
RoslynAnalysisRunner will not be running.
RoslynAnalysisRunner has terminated.
Mono: successfully reloaded assembly
- Completed reload, in  0.748 seconds
Platform modules already initialized, skipping
Refreshing native plugins compatible for Editor in 0.30 ms, found 1 plugins.
Preloading 0 native plugins for Editor in 0.00 ms.
Unloading 1827 Unused Serialized files (Serialized files now loaded: 0)
System memory in use before: 88.5 MB.
System memory in use after: 88.6 MB.

Unloading 7 unused Assets to reduce memory usage. Loaded Objects now: 2349.
Total: 1.678500 ms (FindLiveObjects: 0.162500 ms CreateObjectMapping: 0.060700 ms MarkObjects: 1.435800 ms  DeleteObjects: 0.017800 ms)

========================================================================
Received Import Request.
  Time since last request: 789.290837 seconds.
  path: Assets/02 Space Shooter/Scenes/Asteroids.unity
  artifactKey: Guid(f3a46dc9e56a303419bef5ea4a8ff6d7) Importer(815301076,1909f56bfc062723c751e8b465ee728b)
Start importing Assets/02 Space Shooter/Scenes/Asteroids.unity using Guid(f3a46dc9e56a303419bef5ea4a8ff6d7) Importer(815301076,1909f56bfc062723c751e8b465ee728b)  -> (artifact id: 'ddc049706b4458d3661cfc9d7ae9ee4d') in 0.015910 seconds
  Import took 0.020512 seconds .

========================================================================
Received Import Request.
  Time since last request: 0.182606 seconds.
  path: Assets/02 Space Shooter/Scenes/Asteroids.unity
  artifactKey: Guid(f3a46dc9e56a303419bef5ea4a8ff6d7) Importer(815301076,1909f56bfc062723c751e8b465ee728b)
Start importing Assets/02 Space Shooter/Scenes/Asteroids.unity using Guid(f3a46dc9e56a303419bef5ea4a8ff6d7) Importer(815301076,1909f56bfc062723c751e8b465ee728b)  -> (artifact id: 'ddc049706b4458d3661cfc9d7ae9ee4d') in 0.003023 seconds
  Import took 0.007052 seconds .

========================================================================
Received Import Request.
  Time since last request: 1.804259 seconds.
  path: Assets/02 Space Shooter/Scenes
  artifactKey: Guid(c4b097e5443ee4749b6a13666f67b928) Importer(815301076,1909f56bfc062723c751e8b465ee728b)
Start importing Assets/02 Space Shooter/Scenes using Guid(c4b097e5443ee4749b6a13666f67b928) Importer(815301076,1909f56bfc062723c751e8b465ee728b)  -> (artifact id: 'ceb3ef2bb01ba5daa99cf46c988a1416') in 0.002924 seconds
  Import took 0.006035 seconds .

========================================================================
Received Import Request.
  Time since last request: 6.143326 seconds.
  path: Assets/02 Space Shooter/Scenes/GameOver.unity
  artifactKey: Guid(8a581aa75b01b6e49b3bcaa6931217f3) Importer(815301076,1909f56bfc062723c751e8b465ee728b)
Start importing Assets/02 Space Shooter/Scenes/GameOver.unity using Guid(8a581aa75b01b6e49b3bcaa6931217f3) Importer(815301076,1909f56bfc062723c751e8b465ee728b)  -> (artifact id: 'c21f15b12df98419059a07ca198d5fac') in 0.004408 seconds
  Import took 0.007577 seconds .

========================================================================
Received Import Request.
  Time since last request: 0.003566 seconds.
  path: Assets/02 Space Shooter/Scenes/GameOver.unity
  artifactKey: Guid(8a581aa75b01b6e49b3bcaa6931217f3) Importer(815301076,1909f56bfc062723c751e8b465ee728b)
Start importing Assets/02 Space Shooter/Scenes/GameOver.unity using Guid(8a581aa75b01b6e49b3bcaa6931217f3) Importer(815301076,1909f56bfc062723c751e8b465ee728b)  -> (artifact id: 'c21f15b12df98419059a07ca198d5fac') in 0.002200 seconds
  Import took 0.005489 seconds .

========================================================================
Received Prepare
Registering precompiled user dll's ...
Registered in 0.001719 seconds.
Begin MonoManager ReloadAssembly
Native extension for WindowsStandalone target not found
Native extension for WebGL target not found
Refreshing native plugins compatible for Editor in 0.48 ms, found 1 plugins.
Preloading 0 native plugins for Editor in 0.00 ms.
Invoked RoslynAnalysisRunner static constructor.
RoslynAnalysisRunner will not be running.
RoslynAnalysisRunner has terminated.
Mono: successfully reloaded assembly
- Completed reload, in  1.226 seconds
Platform modules already initialized, skipping
Refreshing native plugins compatible for Editor in 0.44 ms, found 1 plugins.
Preloading 0 native plugins for Editor in 0.00 ms.
Unloading 1827 Unused Serialized files (Serialized files now loaded: 0)
System memory in use before: 88.5 MB.
System memory in use after: 88.6 MB.

Unloading 7 unused Assets to reduce memory usage. Loaded Objects now: 2353.
Total: 6.450100 ms (FindLiveObjects: 0.806900 ms CreateObjectMapping: 0.158600 ms MarkObjects: 5.418400 ms  DeleteObjects: 0.063800 ms)

========================================================================
Received Prepare
Registering precompiled user dll's ...
Registered in 0.001059 seconds.
Begin MonoManager ReloadAssembly
Native extension for WindowsStandalone target not found
Native extension for WebGL target not found
Refreshing native plugins compatible for Editor in 0.29 ms, found 1 plugins.
Preloading 0 native plugins for Editor in 0.00 ms.
Invoked RoslynAnalysisRunner static constructor.
RoslynAnalysisRunner will not be running.
RoslynAnalysisRunner has terminated.
Mono: successfully reloaded assembly
- Completed reload, in  0.744 seconds
Platform modules already initialized, skipping
Refreshing native plugins compatible for Editor in 0.31 ms, found 1 plugins.
Preloading 0 native plugins for Editor in 0.00 ms.
Unloading 1827 Unused Serialized files (Serialized files now loaded: 0)
System memory in use before: 88.5 MB.
System memory in use after: 88.6 MB.

Unloading 7 unused Assets to reduce memory usage. Loaded Objects now: 2357.
Total: 2.058600 ms (FindLiveObjects: 0.188500 ms CreateObjectMapping: 0.061100 ms MarkObjects: 1.787900 ms  DeleteObjects: 0.019600 ms)

========================================================================
Received Prepare
Registering precompiled user dll's ...
Registered in 0.001852 seconds.
Begin MonoManager ReloadAssembly
Native extension for WindowsStandalone target not found
Native extension for WebGL target not found
Refreshing native plugins compatible for Editor in 0.36 ms, found 1 plugins.
Preloading 0 native plugins for Editor in 0.00 ms.
Invoked RoslynAnalysisRunner static constructor.
RoslynAnalysisRunner will not be running.
RoslynAnalysisRunner has terminated.
Mono: successfully reloaded assembly
- Completed reload, in  0.738 seconds
Platform modules already initialized, skipping
Refreshing native plugins compatible for Editor in 0.32 ms, found 1 plugins.
Preloading 0 native plugins for Editor in 0.00 ms.
Unloading 1827 Unused Serialized files (Serialized files now loaded: 0)
System memory in use before: 88.5 MB.
System memory in use after: 88.6 MB.

Unloading 7 unused Assets to reduce memory usage. Loaded Objects now: 2361.
Total: 2.049000 ms (FindLiveObjects: 0.182600 ms CreateObjectMapping: 0.064800 ms MarkObjects: 1.784100 ms  DeleteObjects: 0.016200 ms)

========================================================================
Received Prepare
Registering precompiled user dll's ...
Registered in 0.001261 seconds.
Begin MonoManager ReloadAssembly
Native extension for WindowsStandalone target not found
Native extension for WebGL target not found
Refreshing native plugins compatible for Editor in 0.36 ms, found 1 plugins.
Preloading 0 native plugins for Editor in 0.00 ms.
Invoked RoslynAnalysisRunner static constructor.
RoslynAnalysisRunner will not be running.
RoslynAnalysisRunner has terminated.
Mono: successfully reloaded assembly
- Completed reload, in  0.784 seconds
Platform modules already initialized, skipping
Refreshing native plugins compatible for Editor in 0.29 ms, found 1 plugins.
Preloading 0 native plugins for Editor in 0.00 ms.
Unloading 1827 Unused Serialized files (Serialized files now loaded: 0)
System memory in use before: 88.5 MB.
System memory in use after: 88.7 MB.

Unloading 7 unused Assets to reduce memory usage. Loaded Objects now: 2365.
Total: 1.896000 ms (FindLiveObjects: 0.179900 ms CreateObjectMapping: 0.065600 ms MarkObjects: 1.631200 ms  DeleteObjects: 0.017900 ms)

========================================================================
Received Prepare
Registering precompiled user dll's ...
Registered in 0.001766 seconds.
Begin MonoManager ReloadAssembly
Native extension for WindowsStandalone target not found
Native extension for WebGL target not found
Refreshing native plugins compatible for Editor in 0.29 ms, found 1 plugins.
Preloading 0 native plugins for Editor in 0.00 ms.
Invoked RoslynAnalysisRunner static constructor.
RoslynAnalysisRunner will not be running.
RoslynAnalysisRunner has terminated.
Mono: successfully reloaded assembly
- Completed reload, in  0.779 seconds
Platform modules already initialized, skipping
Refreshing native plugins compatible for Editor in 0.29 ms, found 1 plugins.
Preloading 0 native plugins for Editor in 0.00 ms.
Unloading 1827 Unused Serialized files (Serialized files now loaded: 0)
System memory in use before: 88.5 MB.
System memory in use after: 88.7 MB.

Unloading 7 unused Assets to reduce memory usage. Loaded Objects now: 2369.
Total: 1.693200 ms (FindLiveObjects: 0.176200 ms CreateObjectMapping: 0.063700 ms MarkObjects: 1.430800 ms  DeleteObjects: 0.021300 ms)

========================================================================
Received Import Request.
  Time since last request: 434.472525 seconds.
  path: Assets/02 Space Shooter/Prefabs/healtBar.prefab
  artifactKey: Guid(c7c5a2920504e764f8ed6bce4e750e38) Importer(815301076,1909f56bfc062723c751e8b465ee728b)
Start importing Assets/02 Space Shooter/Prefabs/healtBar.prefab using Guid(c7c5a2920504e764f8ed6bce4e750e38) Importer(815301076,1909f56bfc062723c751e8b465ee728b)  -> (artifact id: '049b9a83846643439d298fc12bc723ba') in 0.028981 seconds
  Import took 0.033178 seconds .

========================================================================
Received Import Request.
  Time since last request: 97.985827 seconds.
  path: Assets/02 Space Shooter/Prefabs/healthBar.prefab
  artifactKey: Guid(c7c5a2920504e764f8ed6bce4e750e38) Importer(815301076,1909f56bfc062723c751e8b465ee728b)
Start importing Assets/02 Space Shooter/Prefabs/healthBar.prefab using Guid(c7c5a2920504e764f8ed6bce4e750e38) Importer(815301076,1909f56bfc062723c751e8b465ee728b)  -> (artifact id: '1b45dce2b4b051f47af3a70bef554554') in 0.045445 seconds
  Import took 0.049691 seconds .

========================================================================
Received Prepare
Registering precompiled user dll's ...
Registered in 0.001799 seconds.
Begin MonoManager ReloadAssembly
Native extension for WindowsStandalone target not found
Native extension for WebGL target not found
Refreshing native plugins compatible for Editor in 0.37 ms, found 1 plugins.
Preloading 0 native plugins for Editor in 0.00 ms.
Invoked RoslynAnalysisRunner static constructor.
RoslynAnalysisRunner will not be running.
RoslynAnalysisRunner has terminated.
Mono: successfully reloaded assembly
- Completed reload, in  0.847 seconds
Platform modules already initialized, skipping
Refreshing native plugins compatible for Editor in 0.38 ms, found 1 plugins.
Preloading 0 native plugins for Editor in 0.00 ms.
Unloading 1827 Unused Serialized files (Serialized files now loaded: 0)
System memory in use before: 88.6 MB.
System memory in use after: 88.7 MB.

Unloading 7 unused Assets to reduce memory usage. Loaded Objects now: 2375.
Total: 2.042100 ms (FindLiveObjects: 0.168800 ms CreateObjectMapping: 0.064400 ms MarkObjects: 1.787600 ms  DeleteObjects: 0.019800 ms)

========================================================================
Received Prepare
Registering precompiled user dll's ...
Registered in 0.001368 seconds.
Begin MonoManager ReloadAssembly
Native extension for WindowsStandalone target not found
Native extension for WebGL target not found
Refreshing native plugins compatible for Editor in 0.34 ms, found 1 plugins.
Preloading 0 native plugins for Editor in 0.00 ms.
Invoked RoslynAnalysisRunner static constructor.
RoslynAnalysisRunner will not be running.
RoslynAnalysisRunner has terminated.
Mono: successfully reloaded assembly
- Completed reload, in  1.096 seconds
Platform modules already initialized, skipping
Refreshing native plugins compatible for Editor in 0.29 ms, found 1 plugins.
Preloading 0 native plugins for Editor in 0.00 ms.
Unloading 1827 Unused Serialized files (Serialized files now loaded: 0)
System memory in use before: 88.6 MB.
System memory in use after: 88.7 MB.

Unloading 7 unused Assets to reduce memory usage. Loaded Objects now: 2379.
Total: 2.145800 ms (FindLiveObjects: 0.197400 ms CreateObjectMapping: 0.062300 ms MarkObjects: 1.869100 ms  DeleteObjects: 0.015500 ms)

========================================================================
Received Prepare
Registering precompiled user dll's ...
Registered in 0.001024 seconds.
Begin MonoManager ReloadAssembly
Native extension for WindowsStandalone target not found
Native extension for WebGL target not found
Refreshing native plugins compatible for Editor in 0.41 ms, found 1 plugins.
Preloading 0 native plugins for Editor in 0.00 ms.
Invoked RoslynAnalysisRunner static constructor.
RoslynAnalysisRunner will not be running.
RoslynAnalysisRunner has terminated.
Mono: successfully reloaded assembly
- Completed reload, in  0.792 seconds
Platform modules already initialized, skipping
Refreshing native plugins compatible for Editor in 0.29 ms, found 1 plugins.
Preloading 0 native plugins for Editor in 0.00 ms.
Unloading 1827 Unused Serialized files (Serialized files now loaded: 0)
System memory in use before: 88.6 MB.
System memory in use after: 88.7 MB.

Unloading 7 unused Assets to reduce memory usage. Loaded Objects now: 2383.
Total: 2.124900 ms (FindLiveObjects: 0.271800 ms CreateObjectMapping: 0.090000 ms MarkObjects: 1.741000 ms  DeleteObjects: 0.020400 ms)

========================================================================
Received Prepare
Registering precompiled user dll's ...
Registered in 0.001204 seconds.
Begin MonoManager ReloadAssembly
Native extension for WindowsStandalone target not found
Native extension for WebGL target not found
Refreshing native plugins compatible for Editor in 0.29 ms, found 1 plugins.
Preloading 0 native plugins for Editor in 0.00 ms.
Invoked RoslynAnalysisRunner static constructor.
RoslynAnalysisRunner will not be running.
RoslynAnalysisRunner has terminated.
Mono: successfully reloaded assembly
- Completed reload, in  0.847 seconds
Platform modules already initialized, skipping
Refreshing native plugins compatible for Editor in 0.29 ms, found 1 plugins.
Preloading 0 native plugins for Editor in 0.00 ms.
Unloading 1827 Unused Serialized files (Serialized files now loaded: 0)
System memory in use before: 88.6 MB.
System memory in use after: 88.8 MB.

Unloading 7 unused Assets to reduce memory usage. Loaded Objects now: 2387.
Total: 1.852200 ms (FindLiveObjects: 0.184600 ms CreateObjectMapping: 0.064000 ms MarkObjects: 1.566800 ms  DeleteObjects: 0.035700 ms)

========================================================================
Received Prepare
Registering precompiled user dll's ...
Registered in 0.001059 seconds.
Begin MonoManager ReloadAssembly
Native extension for WindowsStandalone target not found
Native extension for WebGL target not found
Refreshing native plugins compatible for Editor in 0.29 ms, found 1 plugins.
Preloading 0 native plugins for Editor in 0.00 ms.
Invoked RoslynAnalysisRunner static constructor.
RoslynAnalysisRunner will not be running.
RoslynAnalysisRunner has terminated.
Mono: successfully reloaded assembly
- Completed reload, in  0.788 seconds
Platform modules already initialized, skipping
Refreshing native plugins compatible for Editor in 0.29 ms, found 1 plugins.
Preloading 0 native plugins for Editor in 0.00 ms.
Unloading 1827 Unused Serialized files (Serialized files now loaded: 0)
System memory in use before: 88.6 MB.
System memory in use after: 88.8 MB.

Unloading 7 unused Assets to reduce memory usage. Loaded Objects now: 2391.
Total: 1.831100 ms (FindLiveObjects: 0.293900 ms CreateObjectMapping: 0.094300 ms MarkObjects: 1.401300 ms  DeleteObjects: 0.040500 ms)

========================================================================
Received Import Request.
  Time since last request: 622.534033 seconds.
  path: Assets/00 Utils/Scenes/00 Game Selection.unity
  artifactKey: Guid(ba8fc48e74f20b84c9be85086755d704) Importer(815301076,1909f56bfc062723c751e8b465ee728b)
Start importing Assets/00 Utils/Scenes/00 Game Selection.unity using Guid(ba8fc48e74f20b84c9be85086755d704) Importer(815301076,1909f56bfc062723c751e8b465ee728b)  -> (artifact id: 'f904df0092408e5199be9de1578ca843') in 0.019508 seconds
  Import took 0.023627 seconds .

========================================================================
Received Import Request.
  Time since last request: 38.817923 seconds.
  path: Assets/02 Space Shooter/Scenes/GameOver.unity
  artifactKey: Guid(8a581aa75b01b6e49b3bcaa6931217f3) Importer(815301076,1909f56bfc062723c751e8b465ee728b)
Start importing Assets/02 Space Shooter/Scenes/GameOver.unity using Guid(8a581aa75b01b6e49b3bcaa6931217f3) Importer(815301076,1909f56bfc062723c751e8b465ee728b)  -> (artifact id: 'd57ed57e6e7ac5afd572d23da3ed0328') in 0.005451 seconds
  Import took 0.014197 seconds .

========================================================================
Received Prepare
Registering precompiled user dll's ...
Registered in 0.001131 seconds.
Begin MonoManager ReloadAssembly
Native extension for WindowsStandalone target not found
Native extension for WebGL target not found
Refreshing native plugins compatible for Editor in 0.32 ms, found 1 plugins.
Preloading 0 native plugins for Editor in 0.00 ms.
Invoked RoslynAnalysisRunner static constructor.
RoslynAnalysisRunner will not be running.
RoslynAnalysisRunner has terminated.
Mono: successfully reloaded assembly
- Completed reload, in  0.941 seconds
Platform modules already initialized, skipping
Refreshing native plugins compatible for Editor in 0.31 ms, found 1 plugins.
Preloading 0 native plugins for Editor in 0.00 ms.
Unloading 1827 Unused Serialized files (Serialized files now loaded: 0)
System memory in use before: 88.7 MB.
System memory in use after: 88.8 MB.

Unloading 7 unused Assets to reduce memory usage. Loaded Objects now: 2395.
Total: 2.482400 ms (FindLiveObjects: 0.235000 ms CreateObjectMapping: 0.071300 ms MarkObjects: 2.152400 ms  DeleteObjects: 0.022100 ms)

========================================================================
Received Import Request.
  Time since last request: 36.940508 seconds.
  path: Assets/00 Utils/Scripts/SceneSelector.cs
  artifactKey: Guid(26a42987944aaf64eb10eeb60e7d2f7d) Importer(815301076,1909f56bfc062723c751e8b465ee728b)
Start importing Assets/00 Utils/Scripts/SceneSelector.cs using Guid(26a42987944aaf64eb10eeb60e7d2f7d) Importer(815301076,1909f56bfc062723c751e8b465ee728b)  -> (artifact id: '6ea2aeb918bd70f9d211c8fab6abbd70') in 0.020300 seconds
  Import took 0.023694 seconds .

========================================================================
Received Prepare
Registering precompiled user dll's ...
Registered in 0.001667 seconds.
Begin MonoManager ReloadAssembly
Native extension for WindowsStandalone target not found
Native extension for WebGL target not found
Refreshing native plugins compatible for Editor in 0.30 ms, found 1 plugins.
Preloading 0 native plugins for Editor in 0.00 ms.
Invoked RoslynAnalysisRunner static constructor.
RoslynAnalysisRunner will not be running.
RoslynAnalysisRunner has terminated.
Mono: successfully reloaded assembly
- Completed reload, in  0.793 seconds
Platform modules already initialized, skipping
Refreshing native plugins compatible for Editor in 0.29 ms, found 1 plugins.
Preloading 0 native plugins for Editor in 0.00 ms.
Unloading 1827 Unused Serialized files (Serialized files now loaded: 0)
System memory in use before: 88.7 MB.
System memory in use after: 88.8 MB.

Unloading 7 unused Assets to reduce memory usage. Loaded Objects now: 2399.
Total: 1.717200 ms (FindLiveObjects: 0.208900 ms CreateObjectMapping: 0.071200 ms MarkObjects: 1.368300 ms  DeleteObjects: 0.067300 ms)

========================================================================
Received Prepare
Registering precompiled user dll's ...
Registered in 0.001159 seconds.
Begin MonoManager ReloadAssembly
Native extension for WindowsStandalone target not found
Native extension for WebGL target not found
Refreshing native plugins compatible for Editor in 0.41 ms, found 1 plugins.
Preloading 0 native plugins for Editor in 0.00 ms.
Invoked RoslynAnalysisRunner static constructor.
RoslynAnalysisRunner will not be running.
RoslynAnalysisRunner has terminated.
Mono: successfully reloaded assembly
- Completed reload, in  0.911 seconds
Platform modules already initialized, skipping
Refreshing native plugins compatible for Editor in 0.39 ms, found 1 plugins.
Preloading 0 native plugins for Editor in 0.00 ms.
Unloading 1827 Unused Serialized files (Serialized files now loaded: 0)
System memory in use before: 88.7 MB.
System memory in use after: 88.8 MB.

Unloading 7 unused Assets to reduce memory usage. Loaded Objects now: 2403.
Total: 1.583800 ms (FindLiveObjects: 0.161100 ms CreateObjectMapping: 0.058800 ms MarkObjects: 1.349100 ms  DeleteObjects: 0.013900 ms)

========================================================================
Received Prepare
Registering precompiled user dll's ...
Registered in 0.001165 seconds.
Begin MonoManager ReloadAssembly
Native extension for WindowsStandalone target not found
Native extension for WebGL target not found
Refreshing native plugins compatible for Editor in 0.31 ms, found 1 plugins.
Preloading 0 native plugins for Editor in 0.00 ms.
Invoked RoslynAnalysisRunner static constructor.
RoslynAnalysisRunner will not be running.
RoslynAnalysisRunner has terminated.
Mono: successfully reloaded assembly
- Completed reload, in  1.087 seconds
Platform modules already initialized, skipping
Refreshing native plugins compatible for Editor in 0.29 ms, found 1 plugins.
Preloading 0 native plugins for Editor in 0.00 ms.
Unloading 1827 Unused Serialized files (Serialized files now loaded: 0)
System memory in use before: 88.7 MB.
System memory in use after: 88.8 MB.

Unloading 7 unused Assets to reduce memory usage. Loaded Objects now: 2407.
Total: 2.537000 ms (FindLiveObjects: 0.195400 ms CreateObjectMapping: 0.069600 ms MarkObjects: 2.249700 ms  DeleteObjects: 0.020900 ms)

========================================================================
Received Import Request.
  Time since last request: 154.180497 seconds.
  path: Assets/00 Utils/Scenes
  artifactKey: Guid(0e49abc849c85c14a8fb41b6a480148b) Importer(815301076,1909f56bfc062723c751e8b465ee728b)
Start importing Assets/00 Utils/Scenes using Guid(0e49abc849c85c14a8fb41b6a480148b) Importer(815301076,1909f56bfc062723c751e8b465ee728b)  -> (artifact id: '7b4487099e68fb9cf72fc0dfcb1f21b5') in 0.006166 seconds
  Import took 0.009706 seconds .

========================================================================
Received Prepare
Registering precompiled user dll's ...
Registered in 0.001640 seconds.
Begin MonoManager ReloadAssembly
Native extension for WindowsStandalone target not found
Native extension for WebGL target not found
Refreshing native plugins compatible for Editor in 0.31 ms, found 1 plugins.
Preloading 0 native plugins for Editor in 0.00 ms.
Invoked RoslynAnalysisRunner static constructor.
RoslynAnalysisRunner will not be running.
RoslynAnalysisRunner has terminated.
Mono: successfully reloaded assembly
- Completed reload, in  0.829 seconds
Platform modules already initialized, skipping
Refreshing native plugins compatible for Editor in 0.29 ms, found 1 plugins.
Preloading 0 native plugins for Editor in 0.00 ms.
Unloading 1827 Unused Serialized files (Serialized files now loaded: 0)
System memory in use before: 88.7 MB.
System memory in use after: 88.8 MB.

Unloading 7 unused Assets to reduce memory usage. Loaded Objects now: 2411.
Total: 1.876800 ms (FindLiveObjects: 0.240700 ms CreateObjectMapping: 0.082000 ms MarkObjects: 1.532400 ms  DeleteObjects: 0.020500 ms)

========================================================================
Received Import Request.
  Time since last request: 12.802353 seconds.
  path: Assets/00 Utils/Scenes/00 Game Over.unity
  artifactKey: Guid(8ee4c815b69aa0744ba6cfdaf2b5a470) Importer(815301076,1909f56bfc062723c751e8b465ee728b)
Start importing Assets/00 Utils/Scenes/00 Game Over.unity using Guid(8ee4c815b69aa0744ba6cfdaf2b5a470) Importer(815301076,1909f56bfc062723c751e8b465ee728b)  -> (artifact id: 'bfe08c0020c3652ad79410ccc1c850b4') in 0.008705 seconds
  Import took 0.011445 seconds .

========================================================================
Received Import Request.
  Time since last request: 19.030682 seconds.
  path: Assets/00 Utils/Scenes/00 Game Over.unity
  artifactKey: Guid(8ee4c815b69aa0744ba6cfdaf2b5a470) Importer(815301076,1909f56bfc062723c751e8b465ee728b)
Start importing Assets/00 Utils/Scenes/00 Game Over.unity using Guid(8ee4c815b69aa0744ba6cfdaf2b5a470) Importer(815301076,1909f56bfc062723c751e8b465ee728b)  -> (artifact id: '23af3befae9520dfa7a51dc6b93ebcd8') in 0.003975 seconds
  Import took 0.008840 seconds .

========================================================================
Received Prepare
Registering precompiled user dll's ...
Registered in 0.001065 seconds.
Begin MonoManager ReloadAssembly
Native extension for WindowsStandalone target not found
Native extension for WebGL target not found
Refreshing native plugins compatible for Editor in 0.40 ms, found 1 plugins.
Preloading 0 native plugins for Editor in 0.00 ms.
Invoked RoslynAnalysisRunner static constructor.
RoslynAnalysisRunner will not be running.
RoslynAnalysisRunner has terminated.
Mono: successfully reloaded assembly
- Completed reload, in  0.762 seconds
Platform modules already initialized, skipping
Refreshing native plugins compatible for Editor in 0.29 ms, found 1 plugins.
Preloading 0 native plugins for Editor in 0.00 ms.
Unloading 1827 Unused Serialized files (Serialized files now loaded: 0)
System memory in use before: 88.7 MB.
System memory in use after: 88.8 MB.

Unloading 7 unused Assets to reduce memory usage. Loaded Objects now: 2415.
Total: 1.712400 ms (FindLiveObjects: 0.166600 ms CreateObjectMapping: 0.060100 ms MarkObjects: 1.435700 ms  DeleteObjects: 0.048900 ms)

========================================================================
Received Prepare
Registering precompiled user dll's ...
Registered in 0.001146 seconds.
Begin MonoManager ReloadAssembly
Native extension for WindowsStandalone target not found
Native extension for WebGL target not found
Refreshing native plugins compatible for Editor in 0.34 ms, found 1 plugins.
Preloading 0 native plugins for Editor in 0.00 ms.
Invoked RoslynAnalysisRunner static constructor.
RoslynAnalysisRunner will not be running.
RoslynAnalysisRunner has terminated.
Mono: successfully reloaded assembly
- Completed reload, in  0.845 seconds
Platform modules already initialized, skipping
Refreshing native plugins compatible for Editor in 0.29 ms, found 1 plugins.
Preloading 0 native plugins for Editor in 0.00 ms.
Unloading 1827 Unused Serialized files (Serialized files now loaded: 0)
System memory in use before: 88.7 MB.
System memory in use after: 88.9 MB.

Unloading 7 unused Assets to reduce memory usage. Loaded Objects now: 2419.
Total: 1.886000 ms (FindLiveObjects: 0.188400 ms CreateObjectMapping: 0.060600 ms MarkObjects: 1.614400 ms  DeleteObjects: 0.021200 ms)

========================================================================
Received Prepare
Registering precompiled user dll's ...
Registered in 0.001744 seconds.
Begin MonoManager ReloadAssembly
Native extension for WindowsStandalone target not found
Native extension for WebGL target not found
Refreshing native plugins compatible for Editor in 0.30 ms, found 1 plugins.
Preloading 0 native plugins for Editor in 0.00 ms.
Invoked RoslynAnalysisRunner static constructor.
RoslynAnalysisRunner will not be running.
RoslynAnalysisRunner has terminated.
Mono: successfully reloaded assembly
- Completed reload, in  0.750 seconds
Platform modules already initialized, skipping
Refreshing native plugins compatible for Editor in 0.30 ms, found 1 plugins.
Preloading 0 native plugins for Editor in 0.00 ms.
Unloading 1827 Unused Serialized files (Serialized files now loaded: 0)
System memory in use before: 88.7 MB.
System memory in use after: 88.9 MB.

Unloading 7 unused Assets to reduce memory usage. Loaded Objects now: 2423.
Total: 1.655300 ms (FindLiveObjects: 0.188200 ms CreateObjectMapping: 0.061000 ms MarkObjects: 1.355500 ms  DeleteObjects: 0.049500 ms)

========================================================================
Received Prepare
Registering precompiled user dll's ...
Registered in 0.001295 seconds.
Begin MonoManager ReloadAssembly
Native extension for WindowsStandalone target not found
Native extension for WebGL target not found
Refreshing native plugins compatible for Editor in 0.40 ms, found 1 plugins.
Preloading 0 native plugins for Editor in 0.00 ms.
Invoked RoslynAnalysisRunner static constructor.
RoslynAnalysisRunner will not be running.
RoslynAnalysisRunner has terminated.
Mono: successfully reloaded assembly
- Completed reload, in  1.085 seconds
Platform modules already initialized, skipping
Refreshing native plugins compatible for Editor in 0.64 ms, found 1 plugins.
Preloading 0 native plugins for Editor in 0.00 ms.
Unloading 1827 Unused Serialized files (Serialized files now loaded: 0)
System memory in use before: 88.8 MB.
System memory in use after: 88.9 MB.

Unloading 7 unused Assets to reduce memory usage. Loaded Objects now: 2427.
Total: 3.070400 ms (FindLiveObjects: 0.343000 ms CreateObjectMapping: 0.133000 ms MarkObjects: 2.577200 ms  DeleteObjects: 0.015700 ms)

========================================================================
Received Import Request.
  Time since last request: 498.825565 seconds.
  path: Assets/00 Utils/Scenes/00 Game Over.unity
  artifactKey: Guid(8ee4c815b69aa0744ba6cfdaf2b5a470) Importer(815301076,1909f56bfc062723c751e8b465ee728b)
Start importing Assets/00 Utils/Scenes/00 Game Over.unity using Guid(8ee4c815b69aa0744ba6cfdaf2b5a470) Importer(815301076,1909f56bfc062723c751e8b465ee728b)  -> (artifact id: '0c55aa0a9b92043f6bbd675c3ce397ab') in 0.062627 seconds
  Import took 0.080551 seconds .

========================================================================
Received Import Request.
  Time since last request: 107.617746 seconds.
  path: Assets/02 Space Shooter/Scenes/GameOver.unity
  artifactKey: Guid(8a581aa75b01b6e49b3bcaa6931217f3) Importer(815301076,1909f56bfc062723c751e8b465ee728b)
Start importing Assets/02 Space Shooter/Scenes/GameOver.unity using Guid(8a581aa75b01b6e49b3bcaa6931217f3) Importer(815301076,1909f56bfc062723c751e8b465ee728b)  -> (artifact id: '27aa1ac28b9a703fb8aacae7b2440d4f') in 0.003248 seconds
  Import took 0.007093 seconds .

========================================================================
Received Import Request.
  Time since last request: 10.444987 seconds.
  path: Assets/02 Space Shooter/Scripts/AsteroidGameController.cs
  artifactKey: Guid(3fe645aa292ab6947b4427f3c5a92343) Importer(815301076,1909f56bfc062723c751e8b465ee728b)
Start importing Assets/02 Space Shooter/Scripts/AsteroidGameController.cs using Guid(3fe645aa292ab6947b4427f3c5a92343) Importer(815301076,1909f56bfc062723c751e8b465ee728b)  -> (artifact id: '64c80129f72b91327faa2ce9f3f6436a') in 0.003052 seconds
  Import took 0.007641 seconds .

========================================================================
Received Import Request.
  Time since last request: 0.031008 seconds.
  path: Assets/02 Space Shooter/Scripts/AsteroidGameController.cs
  artifactKey: Guid(3fe645aa292ab6947b4427f3c5a92343) Importer(815301076,1909f56bfc062723c751e8b465ee728b)
Start importing Assets/02 Space Shooter/Scripts/AsteroidGameController.cs using Guid(3fe645aa292ab6947b4427f3c5a92343) Importer(815301076,1909f56bfc062723c751e8b465ee728b)  -> (artifact id: '64c80129f72b91327faa2ce9f3f6436a') in 0.001954 seconds
  Import took 0.005644 seconds .

